Added Component: Designator=P1(HDR1X11)
Added Component: Designator=P2(HDR1X9)
Added Pin To Net: NetName=SCLK Pin=P1-1
Added Pin To Net: NetName=DRDY Pin=P1-2
Added Pin To Net: NetName=DOUT Pin=P1-3
Added Pin To Net: NetName=DIN Pin=P1-4
Added Pin To Net: NetName=MCLK Pin=P1-5
Added Pin To Net: NetName=M1 Pin=P1-6
Added Pin To Net: NetName=M0 Pin=P1-7
Added Pin To Net: NetName=SYNC Pin=P1-8
Added Pin To Net: NetName=MFLAG Pin=P1-9
Added Pin To Net: NetName=PWDN Pin=P1-10
Added Pin To Net: NetName=RESET Pin=P1-11
Added Pin To Net: NetName=DGND Pin=P2-1
Added Pin To Net: NetName=AGND Pin=P2-2
Added Pin To Net: NetName=VCC -2.5V Pin=P2-3
Added Pin To Net: NetName=VCC 2.5V Pin=P2-4
Added Pin To Net: NetName=VCC 3.3V Pin=P2-5
Added Pin To Net: NetName=VCC 3.3V Pin=P2-6
Added Pin To Net: NetName=VCC 5V Pin=P2-7
Added Pin To Net: NetName=VCC 5V Pin=P2-8
Added Pin To Net: NetName=VCC 12V Pin=P2-9
Added Member To Class: ClassName=ADS1282 Member=Component P1 Header 11
Added Member To Class: ClassName=ADS1282 Member=Component P2 Header 9
Added Room: Name=ADS1282
